<?xml version="1.0" encoding="UTF-8"?>
<!-- Generated by org.testng.reporters.JUnitXMLReporter -->
<testsuite hostname="DESKTOP-PG23DSM" ignored="0" name="Test" tests="1" failures="1" timestamp="30 May 2021 07:00:48 GMT" time="115.868" errors="0">
  <testcase name="architectCertification" time="36.474" classname="week4.TestClass">
    <failure type="java.lang.AssertionError" message="expected [6] but found [4]">
      <![CDATA[java.lang.AssertionError: expected [6] but found [4]
at week4.TestClass.architectCertification(TestClass.java:46)
... Removed 31 stack frames]]>
    </failure>
  </testcase> <!-- architectCertification -->
</testsuite> <!-- Test -->
